<?xml version="1.0" encoding="UTF-8"?>
<coverage generated="1676359961719" clover="3.2.0">
  <project timestamp="1676359961719" name="All files">
    <metrics statements="18" coveredstatements="18" conditionals="7" coveredconditionals="7" methods="12" coveredmethods="12" elements="37" coveredelements="37" complexity="0" loc="18" ncloc="18" packages="5" files="5" classes="5"/>
    <package name="components.applicationWrapper">
      <metrics statements="1" coveredstatements="1" conditionals="0" coveredconditionals="0" methods="1" coveredmethods="1"/>
      <file name="index.tsx" path="/Users/sivemwanda/Work/Assessments/rn-code-interview-test-master/WorldRemitChallenge/src/components/applicationWrapper/index.tsx">
        <metrics statements="1" coveredstatements="1" conditionals="0" coveredconditionals="0" methods="1" coveredmethods="1"/>
        <line num="14" count="1" type="stmt"/>
      </file>
    </package>
    <package name="components.noUsersFound">
      <metrics statements="1" coveredstatements="1" conditionals="0" coveredconditionals="0" methods="1" coveredmethods="1"/>
      <file name="index.tsx" path="/Users/sivemwanda/Work/Assessments/rn-code-interview-test-master/WorldRemitChallenge/src/components/noUsersFound/index.tsx">
        <metrics statements="1" coveredstatements="1" conditionals="0" coveredconditionals="0" methods="1" coveredmethods="1"/>
        <line num="11" count="1" type="stmt"/>
      </file>
    </package>
    <package name="components.user">
      <metrics statements="12" coveredstatements="12" conditionals="5" coveredconditionals="5" methods="7" coveredmethods="7"/>
      <file name="index.tsx" path="/Users/sivemwanda/Work/Assessments/rn-code-interview-test-master/WorldRemitChallenge/src/components/user/index.tsx">
        <metrics statements="12" coveredstatements="12" conditionals="5" coveredconditionals="5" methods="7" coveredmethods="7"/>
        <line num="33" count="10" type="stmt"/>
        <line num="35" count="10" type="stmt"/>
        <line num="37" count="10" type="stmt"/>
        <line num="38" count="1" type="stmt"/>
        <line num="39" count="1" type="stmt"/>
        <line num="42" count="10" type="stmt"/>
        <line num="46" count="1" type="stmt"/>
        <line num="47" count="1" type="stmt"/>
        <line num="50" count="10" type="stmt"/>
        <line num="52" count="3" type="stmt"/>
        <line num="70" count="1" type="stmt"/>
        <line num="75" count="1" type="stmt"/>
      </file>
    </package>
    <package name="components.usersList">
      <metrics statements="2" coveredstatements="2" conditionals="2" coveredconditionals="2" methods="2" coveredmethods="2"/>
      <file name="index.tsx" path="/Users/sivemwanda/Work/Assessments/rn-code-interview-test-master/WorldRemitChallenge/src/components/usersList/index.tsx">
        <metrics statements="2" coveredstatements="2" conditionals="2" coveredconditionals="2" methods="2" coveredmethods="2"/>
        <line num="20" count="2" type="stmt"/>
        <line num="26" count="1" type="stmt"/>
      </file>
    </package>
    <package name="utils.jest">
      <metrics statements="2" coveredstatements="2" conditionals="0" coveredconditionals="0" methods="1" coveredmethods="1"/>
      <file name="index.tsx" path="/Users/sivemwanda/Work/Assessments/rn-code-interview-test-master/WorldRemitChallenge/src/utils/jest/index.tsx">
        <metrics statements="2" coveredstatements="2" conditionals="0" coveredconditionals="0" methods="1" coveredmethods="1"/>
        <line num="6" count="4" type="stmt"/>
        <line num="7" count="8" type="stmt"/>
      </file>
    </package>
  </project>
</coverage>
