{"/Users/sivemwanda/Work/Assessments/rn-code-interview-test-master/WorldRemitChallenge/src/components/applicationWrapper/index.tsx": {"path":"/Users/sivemwanda/Work/Assessments/rn-code-interview-test-master/WorldRemitChallenge/src/components/applicationWrapper/index.tsx","statementMap":{"0":{"start":{"line":14,"column":2},"end":{"line":14,"column":73}}},"fnMap":{"0":{"name":"ApplicationWrapper","decl":{"start":{"line":11,"column":9},"end":{"line":11,"column":27}},"loc":{"start":{"line":13,"column":42},"end":{"line":15,"column":1}},"line":13}},"branchMap":{},"s":{"0":1},"f":{"0":1},"b":{},"_coverageSchema":"1a1c01bbd47fc00a2c39e90264f33305004495a9","hash":"2a418352f56afc8742bc3e9317e7e8aa6696a5c4"}
,"/Users/sivemwanda/Work/Assessments/rn-code-interview-test-master/WorldRemitChallenge/src/components/noUsersFound/index.tsx": {"path":"/Users/sivemwanda/Work/Assessments/rn-code-interview-test-master/WorldRemitChallenge/src/components/noUsersFound/index.tsx","statementMap":{"0":{"start":{"line":11,"column":2},"end":{"line":15,"column":4}}},"fnMap":{"0":{"name":"NoUsersFound","decl":{"start":{"line":10,"column":9},"end":{"line":10,"column":21}},"loc":{"start":{"line":10,"column":37},"end":{"line":16,"column":1}},"line":10}},"branchMap":{},"s":{"0":1},"f":{"0":1},"b":{},"_coverageSchema":"1a1c01bbd47fc00a2c39e90264f33305004495a9","hash":"d42dcffaee260e8b9609c2bbf2cd9edb396de9d6"}
,"/Users/sivemwanda/Work/Assessments/rn-code-interview-test-master/WorldRemitChallenge/src/components/user/index.tsx": {"path":"/Users/sivemwanda/Work/Assessments/rn-code-interview-test-master/WorldRemitChallenge/src/components/user/index.tsx","statementMap":{"0":{"start":{"line":33,"column":46},"end":{"line":33,"column":65}},"1":{"start":{"line":35,"column":24},"end":{"line":35,"column":64}},"2":{"start":{"line":35,"column":30},"end":{"line":35,"column":64}},"3":{"start":{"line":37,"column":34},"end":{"line":40,"column":3}},"4":{"start":{"line":38,"column":4},"end":{"line":38,"column":20}},"5":{"start":{"line":39,"column":4},"end":{"line":39,"column":48}},"6":{"start":{"line":42,"column":35},"end":{"line":48,"column":3}},"7":{"start":{"line":46,"column":4},"end":{"line":46,"column":20}},"8":{"start":{"line":47,"column":4},"end":{"line":47,"column":49}},"9":{"start":{"line":50,"column":2},"end":{"line":81,"column":4}},"10":{"start":{"line":52,"column":21},"end":{"line":52,"column":36}},"11":{"start":{"line":70,"column":27},"end":{"line":70,"column":78}},"12":{"start":{"line":75,"column":27},"end":{"line":75,"column":75}}},"fnMap":{"0":{"name":"User","decl":{"start":{"line":20,"column":9},"end":{"line":20,"column":13}},"loc":{"start":{"line":32,"column":28},"end":{"line":82,"column":1}},"line":32},"1":{"name":"(anonymous_1)","decl":{"start":{"line":35,"column":24},"end":{"line":35,"column":25}},"loc":{"start":{"line":35,"column":30},"end":{"line":35,"column":64}},"line":35},"2":{"name":"(anonymous_2)","decl":{"start":{"line":37,"column":34},"end":{"line":37,"column":35}},"loc":{"start":{"line":37,"column":79},"end":{"line":40,"column":3}},"line":37},"3":{"name":"(anonymous_3)","decl":{"start":{"line":42,"column":35},"end":{"line":42,"column":36}},"loc":{"start":{"line":45,"column":7},"end":{"line":48,"column":3}},"line":45},"4":{"name":"(anonymous_4)","decl":{"start":{"line":52,"column":15},"end":{"line":52,"column":16}},"loc":{"start":{"line":52,"column":21},"end":{"line":52,"column":36}},"line":52},"5":{"name":"(anonymous_5)","decl":{"start":{"line":70,"column":21},"end":{"line":70,"column":22}},"loc":{"start":{"line":70,"column":27},"end":{"line":70,"column":78}},"line":70},"6":{"name":"(anonymous_6)","decl":{"start":{"line":75,"column":21},"end":{"line":75,"column":22}},"loc":{"start":{"line":75,"column":27},"end":{"line":75,"column":75}},"line":75}},"branchMap":{"0":{"loc":{"start":{"line":66,"column":7},"end":{"line":79,"column":7}},"type":"binary-expr","locations":[{"start":{"line":66,"column":7},"end":{"line":66,"column":21}},{"start":{"line":66,"column":25},"end":{"line":66,"column":36}},{"start":{"line":67,"column":8},"end":{"line":78,"column":28}}],"line":66},"1":{"loc":{"start":{"line":69,"column":19},"end":{"line":69,"column":55}},"type":"cond-expr","locations":[{"start":{"line":69,"column":34},"end":{"line":69,"column":44}},{"start":{"line":69,"column":47},"end":{"line":69,"column":55}}],"line":69}},"s":{"0":10,"1":10,"2":5,"3":10,"4":1,"5":1,"6":10,"7":1,"8":1,"9":10,"10":3,"11":1,"12":1},"f":{"0":10,"1":5,"2":1,"3":1,"4":3,"5":1,"6":1},"b":{"0":[10,3,3],"1":[2,1]},"_coverageSchema":"1a1c01bbd47fc00a2c39e90264f33305004495a9","hash":"552dbd2db14d6c1b88d290edcadbfcbb10557375"}
,"/Users/sivemwanda/Work/Assessments/rn-code-interview-test-master/WorldRemitChallenge/src/components/usersList/index.tsx": {"path":"/Users/sivemwanda/Work/Assessments/rn-code-interview-test-master/WorldRemitChallenge/src/components/usersList/index.tsx","statementMap":{"0":{"start":{"line":20,"column":2},"end":{"line":35,"column":4}},"1":{"start":{"line":26,"column":10},"end":{"line":31,"column":12}}},"fnMap":{"0":{"name":"UsersList","decl":{"start":{"line":14,"column":9},"end":{"line":14,"column":18}},"loc":{"start":{"line":19,"column":33},"end":{"line":36,"column":1}},"line":19},"1":{"name":"(anonymous_1)","decl":{"start":{"line":25,"column":20},"end":{"line":25,"column":21}},"loc":{"start":{"line":26,"column":10},"end":{"line":31,"column":12}},"line":26}},"branchMap":{"0":{"loc":{"start":{"line":24,"column":28},"end":{"line":24,"column":69}},"type":"cond-expr","locations":[{"start":{"line":24,"column":46},"end":{"line":24,"column":62}},{"start":{"line":24,"column":65},"end":{"line":24,"column":69}}],"line":24}},"s":{"0":2,"1":1},"f":{"0":2,"1":1},"b":{"0":[1,1]},"_coverageSchema":"1a1c01bbd47fc00a2c39e90264f33305004495a9","hash":"9e867898e1510db541f72fc2953c45004ec10bbc"}
,"/Users/sivemwanda/Work/Assessments/rn-code-interview-test-master/WorldRemitChallenge/src/utils/jest/index.tsx": {"path":"/Users/sivemwanda/Work/Assessments/rn-code-interview-test-master/WorldRemitChallenge/src/utils/jest/index.tsx","statementMap":{"0":{"start":{"line":6,"column":23},"end":{"line":7,"column":66}},"1":{"start":{"line":7,"column":2},"end":{"line":7,"column":66}}},"fnMap":{"0":{"name":"(anonymous_0)","decl":{"start":{"line":6,"column":23},"end":{"line":6,"column":24}},"loc":{"start":{"line":7,"column":2},"end":{"line":7,"column":66}},"line":7}},"branchMap":{},"s":{"0":4,"1":8},"f":{"0":8},"b":{},"_coverageSchema":"1a1c01bbd47fc00a2c39e90264f33305004495a9","hash":"3ead1450afbf293344e49c09bf097587f99850da"}
}
