TN:
SF:src/components/applicationWrapper/index.tsx
FN:11,ApplicationWrapper
FNF:1
FNH:1
FNDA:1,ApplicationWrapper
DA:14,1
LF:1
LH:1
BRF:0
BRH:0
end_of_record
TN:
SF:src/components/noUsersFound/index.tsx
FN:10,NoUsersFound
FNF:1
FNH:1
FNDA:1,NoUsersFound
DA:11,1
LF:1
LH:1
BRF:0
BRH:0
end_of_record
TN:
SF:src/components/user/index.tsx
FN:20,User
FN:35,(anonymous_1)
FN:37,(anonymous_2)
FN:42,(anonymous_3)
FN:52,(anonymous_4)
FN:70,(anonymous_5)
FN:75,(anonymous_6)
FNF:7
FNH:7
FNDA:10,User
FNDA:5,(anonymous_1)
FNDA:1,(anonymous_2)
FNDA:1,(anonymous_3)
FNDA:3,(anonymous_4)
FNDA:1,(anonymous_5)
FNDA:1,(anonymous_6)
DA:33,10
DA:35,10
DA:37,10
DA:38,1
DA:39,1
DA:42,10
DA:46,1
DA:47,1
DA:50,10
DA:52,3
DA:70,1
DA:75,1
LF:12
LH:12
BRDA:66,0,0,10
BRDA:66,0,1,3
BRDA:66,0,2,3
BRDA:69,1,0,2
BRDA:69,1,1,1
BRF:5
BRH:5
end_of_record
TN:
SF:src/components/usersList/index.tsx
FN:14,UsersList
FN:25,(anonymous_1)
FNF:2
FNH:2
FNDA:2,UsersList
FNDA:1,(anonymous_1)
DA:20,2
DA:26,1
LF:2
LH:2
BRDA:24,0,0,1
BRDA:24,0,1,1
BRF:2
BRH:2
end_of_record
TN:
SF:src/utils/jest/index.tsx
FN:6,(anonymous_0)
FNF:1
FNH:1
FNDA:8,(anonymous_0)
DA:6,4
DA:7,8
LF:2
LH:2
BRF:0
BRH:0
end_of_record
